2015-02-05 17:50:35 paged_title() [Swiss, Lausanne, RobinSAFECAST | SAFECAST] [ - Part 54]
2015-02-05 17:50:37 paged_title() [Swiss, Lausanne, RobinSAFECAST | SAFECAST] [ - Part 54]
2015-02-06 09:16:05 paged_title() [Japan, Fukushima, TomiokaSAFECAST | SAFECAST] [ - Part 42]
2015-02-06 09:16:07 paged_title() [Japan, Fukushima, TomiokaSAFECAST | SAFECAST] [ - Part 42]
2015-02-06 11:56:15 paged_title() [USA, Washington, SeattleSAFECAST | SAFECAST] [ - Part 72]
2015-02-06 11:56:18 paged_title() [USA, Washington, SeattleSAFECAST | SAFECAST] [ - Part 72]
2015-02-06 13:41:46 paged_title() [USA, Massachusetts, Cambridge, MITSAFECAST | SAFECAST] [ - Part 59]
2015-02-06 13:41:49 paged_title() [USA, Massachusetts, Cambridge, MITSAFECAST | SAFECAST] [ - Part 59]
2015-02-07 21:47:53 paged_title() [Japan, Tokyo, Shibuya, Safecast OfficeSAFECAST | SAFECAST] [ - Part 75]
2015-02-07 21:47:59 paged_title() [Japan, Tokyo, Shibuya, Safecast OfficeSAFECAST | SAFECAST] [ - Part 75]
2015-02-14 06:14:28 paged_title() [Japan, Fukushima, TomiokaSAFECAST | SAFECAST] [ - Part 42]
2015-02-14 06:14:30 paged_title() [Japan, Fukushima, TomiokaSAFECAST | SAFECAST] [ - Part 42]
2015-02-15 15:31:53 paged_title() [USA, Washington, SeattleSAFECAST | SAFECAST] [ - Part 72]
2015-02-15 15:31:55 paged_title() [USA, Washington, SeattleSAFECAST | SAFECAST] [ - Part 72]
2015-02-16 23:11:32 paged_title() [Swiss, Lausanne, RobinSAFECAST | SAFECAST] [ - Part 54]
2015-02-17 09:45:33 paged_title() [Swiss, Lausanne, RobinSAFECAST | SAFECAST] [ - Part 54]
2015-02-17 09:45:35 paged_title() [Swiss, Lausanne, RobinSAFECAST | SAFECAST] [ - Part 54]
2015-02-17 09:45:37 paged_title() [USA, Massachusetts, Cambridge, MITSAFECAST | SAFECAST] [ - Part 59]
2015-02-17 09:45:40 paged_title() [USA, Massachusetts, Cambridge, MITSAFECAST | SAFECAST] [ - Part 59]
2015-02-18 03:04:45 paged_title() [Swiss, Lausanne, RobinSAFECAST | SAFECAST] [ - Part 54]
2015-02-19 17:53:59 paged_title() [Swiss, Lausanne, RobinSAFECAST | SAFECAST] [ - Part 54]
